aioredis==1.3.1
asgiref==3.2.3
asn1crypto==0.24.0
async-timeout==3.0.1
attrs==19.3.0
autobahn==19.11.1
Automat==0.8.0
blinker==1.4
certifi==2019.11.28
cffi==1.13.2
channels==2.3.1
channels-redis==2.4.1
chardet==3.0.4
click==6.7
cloud-init==18.3
colorama==0.3.7
command-not-found==0.3
configobj==5.0.6
confusable-homoglyphs==3.2.0
constantly==15.1.0
cryptography==2.8
curl==0.0.1
daphne==2.4.0
defusedxml==0.6.0
distro-info==0.18
dj-database-url==0.5.0
Django==3.0
django-allauth==0.41.0
django-braces==1.14.0
django-cors-headers==3.2.1
django-crispy-forms==1.8.1
django-filter==2.2.0
django-heroku==0.3.1
django-oauth-toolkit==1.2.0
django-registration==3.0.1
django-registration-redux==2.7
django-rest-auth==0.9.5
django-rest-framework-social-oauth2==1.1.0
django-taggit==1.2.0
django-taggit-serializer==0.1.7
django-webpack-loader==0.6.0
djangorestframework==3.10.3
djangorestframework-jwt==1.11.0
gunicorn==20.0.4
hibagent==1.0.1
hiredis==1.0.1
httplib2==0.9.2
hyperlink==19.0.0
idna==2.8
incremental==17.5.0
Jinja2==2.10
jsonpatch==1.16
jsonpointer==1.10
jsonschema==2.6.0
keyring==10.6.0
keyrings.alt==3.0
language-selector==0.1
Markdown==3.1.1
MarkupSafe==1.0
msgpack==0.6.2
oauthlib==3.1.0
PAM==0.4.2
psycopg2==2.8.4
pyasn1==0.4.8
pyasn1-modules==0.2.7
pycparser==2.19
pycrypto==2.6.1
pygobject==3.26.1
PyHamcrest==1.9.0
PyJWT==1.7.1
pyOpenSSL==19.1.0
pyserial==3.4
python-apt==1.6.2
python-debian==0.1.32
python3-openid==3.1.0
pytz==2019.3
pyxdg==0.25
PyYAML==3.12
requests==2.22.0
requests-oauthlib==1.3.0
requests-unixsocket==0.1.5
SecretStorage==2.3.1
service-identity==18.1.0
six==1.13.0
social-auth-app-django==3.1.0
social-auth-core==3.2.0
sqlparse==0.3.0
ssh-import-id==5.7
systemd-python==234
Twisted==19.10.0
txaio==18.8.1
ufw==0.35
unattended-upgrades==0.1
urllib3==1.25.7
virtualenv==15.1.0
whitenoise==4.1.4
zope.interface==4.7.1
